<?xml version="1.0" encoding="utf-8"?><testsuites name="pytest tests"><testsuite name="pytest" errors="0" failures="0" skipped="0" tests="141" time="1.238" timestamp="2026-08-24T10:24:16.896173+02:00" hostname="zyte-adrian-laptop"><testcase classname="queuelib.tests.test_queue.InterfaceTest" name="test_isinstance" file="queuelib/tests/test_queue.py" line="44" time="0.018" /><testcase classname="queuelib.tests.test_queue.InterfaceTest" name="test_issubclass" file="queuelib/tests/test_queue.py" line="32" time="0.002" /><testcase classname="queuelib.tests.test_queue.InterfaceTest" name="test_queue" file="queuelib/tests/test_queue.py" line="20" time="0.004" /><testcase classname="queuelib.tests.test_queue.FifoMemoryQueueTest" name="test_binary_element" file="queuelib/tests/test_queue.py" line="73" time="0.002" /><testcase classname="queuelib.tests.test_queue.FifoMemoryQueueTest" name="test_clear" file="queuelib/tests/test_queue.py" line="100" time="0.003" /><testcase classname="queuelib.tests.test_queue.FifoMemoryQueueTest" name="test_empty" file="queuelib/tests/test_queue.py" line="61" time="0.002" /><testcase classname="queuelib.tests.test_queue.FifoMemoryQueueTest" name="test_len" file="queuelib/tests/test_queue.py" line="86" time="0.002" /><testcase classname="queuelib.tests.test_queue.FifoMemoryQueueTest" name="test_peek_fifo" file="queuelib/tests/test_queue.py" line="152" time="0.002" /><testcase classname="queuelib.tests.test_queue.FifoMemoryQueueTest" name="test_peek_one_element" file="queuelib/tests/test_queue.py" line="114" time="0.002" /><testcase classname="queuelib.tests.test_queue.FifoMemoryQueueTest" name="test_push_pop1" file="queuelib/tests/test_queue.py" line="125" time="0.002" /><testcase classname="queuelib.tests.test_queue.FifoMemoryQueueTest" name="test_push_pop2" file="queuelib/tests/test_queue.py" line="137" time="0.002" /><testcase classname="queuelib.tests.test_queue.FifoMemoryQueueTest" name="test_single_pushpop" file="queuelib/tests/test_queue.py" line="67" time="0.002" /><testcase classname="queuelib.tests.test_queue.LifoMemoryQueueTest" name="test_binary_element" file="queuelib/tests/test_queue.py" line="73" time="0.001" /><testcase classname="queuelib.tests.test_queue.LifoMemoryQueueTest" name="test_clear" file="queuelib/tests/test_queue.py" line="100" time="0.001" /><testcase classname="queuelib.tests.test_queue.LifoMemoryQueueTest" name="test_empty" file="queuelib/tests/test_queue.py" line="61" time="0.002" /><testcase classname="queuelib.tests.test_queue.LifoMemoryQueueTest" name="test_len" file="queuelib/tests/test_queue.py" line="86" time="0.002" /><testcase classname="queuelib.tests.test_queue.LifoMemoryQueueTest" name="test_peek_lifo" file="queuelib/tests/test_queue.py" line="199" time="0.002" /><testcase classname="queuelib.tests.test_queue.LifoMemoryQueueTest" name="test_peek_one_element" file="queuelib/tests/test_queue.py" line="114" time="0.002" /><testcase classname="queuelib.tests.test_queue.LifoMemoryQueueTest" name="test_push_pop1" file="queuelib/tests/test_queue.py" line="172" time="0.002" /><testcase classname="queuelib.tests.test_queue.LifoMemoryQueueTest" name="test_push_pop2" file="queuelib/tests/test_queue.py" line="184" time="0.002" /><testcase classname="queuelib.tests.test_queue.LifoMemoryQueueTest" name="test_single_pushpop" file="queuelib/tests/test_queue.py" line="67" time="0.002" /><testcase classname="queuelib.tests.test_queue.FifoDiskQueueTest" name="test_binary_element" file="queuelib/tests/test_queue.py" line="73" time="0.003" /><testcase classname="queuelib.tests.test_queue.FifoDiskQueueTest" name="test_chunks" file="queuelib/tests/test_queue.py" line="316" time="0.002" /><testcase classname="queuelib.tests.test_queue.FifoDiskQueueTest" name="test_cleanup" file="queuelib/tests/test_queue.py" line="275" time="0.003" /><testcase classname="queuelib.tests.test_queue.FifoDiskQueueTest" name="test_clear" file="queuelib/tests/test_queue.py" line="100" time="0.002" /><testcase classname="queuelib.tests.test_queue.FifoDiskQueueTest" name="test_clear_removes_chunks" file="queuelib/tests/test_queue.py" line="332" time="0.002" /><testcase classname="queuelib.tests.test_queue.FifoDiskQueueTest" name="test_close_open" file="queuelib/tests/test_queue.py" line="250" time="0.003" /><testcase classname="queuelib.tests.test_queue.FifoDiskQueueTest" name="test_empty" file="queuelib/tests/test_queue.py" line="61" time="0.002" /><testcase classname="queuelib.tests.test_queue.FifoDiskQueueTest" name="test_len" file="queuelib/tests/test_queue.py" line="86" time="0.002" /><testcase classname="queuelib.tests.test_queue.FifoDiskQueueTest" name="test_non_bytes_raises_typeerror" file="queuelib/tests/test_queue.py" line="223" time="0.002" /><testcase classname="queuelib.tests.test_queue.FifoDiskQueueTest" name="test_not_szhdr" file="queuelib/tests/test_queue.py" line="305" time="0.002" /><testcase classname="queuelib.tests.test_queue.FifoDiskQueueTest" name="test_peek_fifo" file="queuelib/tests/test_queue.py" line="152" time="0.002" /><testcase classname="queuelib.tests.test_queue.FifoDiskQueueTest" name="test_peek_one_element" file="queuelib/tests/test_queue.py" line="114" time="0.002" /><testcase classname="queuelib.tests.test_queue.FifoDiskQueueTest" name="test_push_pop1" file="queuelib/tests/test_queue.py" line="125" time="0.002" /><testcase classname="queuelib.tests.test_queue.FifoDiskQueueTest" name="test_push_pop2" file="queuelib/tests/test_queue.py" line="137" time="0.002" /><testcase classname="queuelib.tests.test_queue.FifoDiskQueueTest" name="test_single_pushpop" file="queuelib/tests/test_queue.py" line="67" time="0.002" /><testcase classname="queuelib.tests.test_queue.FifoDiskQueueTest" name="test_text_in_windows" file="queuelib/tests/test_queue.py" line="240" time="0.002" /><testcase classname="queuelib.tests.test_queue.ChunkSize1FifoDiskQueueTest" name="test_binary_element" file="queuelib/tests/test_queue.py" line="73" time="0.002" /><testcase classname="queuelib.tests.test_queue.ChunkSize1FifoDiskQueueTest" name="test_chunks" file="queuelib/tests/test_queue.py" line="316" time="0.003" /><testcase classname="queuelib.tests.test_queue.ChunkSize1FifoDiskQueueTest" name="test_cleanup" file="queuelib/tests/test_queue.py" line="275" time="0.003" /><testcase classname="queuelib.tests.test_queue.ChunkSize1FifoDiskQueueTest" name="test_clear" file="queuelib/tests/test_queue.py" line="100" time="0.002" /><testcase classname="queuelib.tests.test_queue.ChunkSize1FifoDiskQueueTest" name="test_clear_removes_chunks" file="queuelib/tests/test_queue.py" line="332" time="0.003" /><testcase classname="queuelib.tests.test_queue.ChunkSize1FifoDiskQueueTest" name="test_close_open" file="queuelib/tests/test_queue.py" line="250" time="0.004" /><testcase classname="queuelib.tests.test_queue.ChunkSize1FifoDiskQueueTest" name="test_empty" file="queuelib/tests/test_queue.py" line="61" time="0.002" /><testcase classname="queuelib.tests.test_queue.ChunkSize1FifoDiskQueueTest" name="test_len" file="queuelib/tests/test_queue.py" line="86" time="0.004" /><testcase classname="queuelib.tests.test_queue.ChunkSize1FifoDiskQueueTest" name="test_non_bytes_raises_typeerror" file="queuelib/tests/test_queue.py" line="223" time="0.003" /><testcase classname="queuelib.tests.test_queue.ChunkSize1FifoDiskQueueTest" name="test_not_szhdr" file="queuelib/tests/test_queue.py" line="305" time="0.003" /><testcase classname="queuelib.tests.test_queue.ChunkSize1FifoDiskQueueTest" name="test_peek_fifo" file="queuelib/tests/test_queue.py" line="152" time="0.002" /><testcase classname="queuelib.tests.test_queue.ChunkSize1FifoDiskQueueTest" name="test_peek_one_element" file="queuelib/tests/test_queue.py" line="114" time="0.002" /><testcase classname="queuelib.tests.test_queue.ChunkSize1FifoDiskQueueTest" name="test_push_pop1" file="queuelib/tests/test_queue.py" line="125" time="0.002" /><testcase classname="queuelib.tests.test_queue.ChunkSize1FifoDiskQueueTest" name="test_push_pop2" file="queuelib/tests/test_queue.py" line="137" time="0.003" /><testcase classname="queuelib.tests.test_queue.ChunkSize1FifoDiskQueueTest" name="test_single_pushpop" file="queuelib/tests/test_queue.py" line="67" time="0.002" /><testcase classname="queuelib.tests.test_queue.ChunkSize1FifoDiskQueueTest" name="test_text_in_windows" file="queuelib/tests/test_queue.py" line="240" time="0.003" /><testcase classname="queuelib.tests.test_queue.ChunkSize2FifoDiskQueueTest" name="test_binary_element" file="queuelib/tests/test_queue.py" line="73" time="0.002" /><testcase classname="queuelib.tests.test_queue.ChunkSize2FifoDiskQueueTest" name="test_chunks" file="queuelib/tests/test_queue.py" line="316" time="0.003" /><testcase classname="queuelib.tests.test_queue.ChunkSize2FifoDiskQueueTest" name="test_cleanup" file="queuelib/tests/test_queue.py" line="275" time="0.002" /><testcase classname="queuelib.tests.test_queue.ChunkSize2FifoDiskQueueTest" name="test_clear" file="queuelib/tests/test_queue.py" line="100" time="0.002" /><testcase classname="queuelib.tests.test_queue.ChunkSize2FifoDiskQueueTest" name="test_clear_removes_chunks" file="queuelib/tests/test_queue.py" line="332" time="0.003" /><testcase classname="queuelib.tests.test_queue.ChunkSize2FifoDiskQueueTest" name="test_close_open" file="queuelib/tests/test_queue.py" line="250" time="0.004" /><testcase classname="queuelib.tests.test_queue.ChunkSize2FifoDiskQueueTest" name="test_empty" file="queuelib/tests/test_queue.py" line="61" time="0.002" /><testcase classname="queuelib.tests.test_queue.ChunkSize2FifoDiskQueueTest" name="test_len" file="queuelib/tests/test_queue.py" line="86" time="0.002" /><testcase classname="queuelib.tests.test_queue.ChunkSize2FifoDiskQueueTest" name="test_non_bytes_raises_typeerror" file="queuelib/tests/test_queue.py" line="223" time="0.002" /><testcase classname="queuelib.tests.test_queue.ChunkSize2FifoDiskQueueTest" name="test_not_szhdr" file="queuelib/tests/test_queue.py" line="305" time="0.002" /><testcase classname="queuelib.tests.test_queue.ChunkSize2FifoDiskQueueTest" name="test_peek_fifo" file="queuelib/tests/test_queue.py" line="152" time="0.002" /><testcase classname="queuelib.tests.test_queue.ChunkSize2FifoDiskQueueTest" name="test_peek_one_element" file="queuelib/tests/test_queue.py" line="114" time="0.002" /><testcase classname="queuelib.tests.test_queue.ChunkSize2FifoDiskQueueTest" name="test_push_pop1" file="queuelib/tests/test_queue.py" line="125" time="0.002" /><testcase classname="queuelib.tests.test_queue.ChunkSize2FifoDiskQueueTest" name="test_push_pop2" file="queuelib/tests/test_queue.py" line="137" time="0.002" /><testcase classname="queuelib.tests.test_queue.ChunkSize2FifoDiskQueueTest" name="test_single_pushpop" file="queuelib/tests/test_queue.py" line="67" time="0.002" /><testcase classname="queuelib.tests.test_queue.ChunkSize2FifoDiskQueueTest" name="test_text_in_windows" file="queuelib/tests/test_queue.py" line="240" time="0.003" /><testcase classname="queuelib.tests.test_queue.ChunkSize3FifoDiskQueueTest" name="test_binary_element" file="queuelib/tests/test_queue.py" line="73" time="0.003" /><testcase classname="queuelib.tests.test_queue.ChunkSize3FifoDiskQueueTest" name="test_chunks" file="queuelib/tests/test_queue.py" line="316" time="0.003" /><testcase classname="queuelib.tests.test_queue.ChunkSize3FifoDiskQueueTest" name="test_cleanup" file="queuelib/tests/test_queue.py" line="275" time="0.002" /><testcase classname="queuelib.tests.test_queue.ChunkSize3FifoDiskQueueTest" name="test_clear" file="queuelib/tests/test_queue.py" line="100" time="0.002" /><testcase classname="queuelib.tests.test_queue.ChunkSize3FifoDiskQueueTest" name="test_clear_removes_chunks" file="queuelib/tests/test_queue.py" line="332" time="0.002" /><testcase classname="queuelib.tests.test_queue.ChunkSize3FifoDiskQueueTest" name="test_close_open" file="queuelib/tests/test_queue.py" line="250" time="0.003" /><testcase classname="queuelib.tests.test_queue.ChunkSize3FifoDiskQueueTest" name="test_empty" file="queuelib/tests/test_queue.py" line="61" time="0.002" /><testcase classname="queuelib.tests.test_queue.ChunkSize3FifoDiskQueueTest" name="test_len" file="queuelib/tests/test_queue.py" line="86" time="0.002" /><testcase classname="queuelib.tests.test_queue.ChunkSize3FifoDiskQueueTest" name="test_non_bytes_raises_typeerror" file="queuelib/tests/test_queue.py" line="223" time="0.002" /><testcase classname="queuelib.tests.test_queue.ChunkSize3FifoDiskQueueTest" name="test_not_szhdr" file="queuelib/tests/test_queue.py" line="305" time="0.002" /><testcase classname="queuelib.tests.test_queue.ChunkSize3FifoDiskQueueTest" name="test_peek_fifo" file="queuelib/tests/test_queue.py" line="152" time="0.002" /><testcase classname="queuelib.tests.test_queue.ChunkSize3FifoDiskQueueTest" name="test_peek_one_element" file="queuelib/tests/test_queue.py" line="114" time="0.002" /><testcase classname="queuelib.tests.test_queue.ChunkSize3FifoDiskQueueTest" name="test_push_pop1" file="queuelib/tests/test_queue.py" line="125" time="0.002" /><testcase classname="queuelib.tests.test_queue.ChunkSize3FifoDiskQueueTest" name="test_push_pop2" file="queuelib/tests/test_queue.py" line="137" time="0.002" /><testcase classname="queuelib.tests.test_queue.ChunkSize3FifoDiskQueueTest" name="test_single_pushpop" file="queuelib/tests/test_queue.py" line="67" time="0.002" /><testcase classname="queuelib.tests.test_queue.ChunkSize3FifoDiskQueueTest" name="test_text_in_windows" file="queuelib/tests/test_queue.py" line="240" time="0.003" /><testcase classname="queuelib.tests.test_queue.ChunkSize4FifoDiskQueueTest" name="test_binary_element" file="queuelib/tests/test_queue.py" line="73" time="0.002" /><testcase classname="queuelib.tests.test_queue.ChunkSize4FifoDiskQueueTest" name="test_chunks" file="queuelib/tests/test_queue.py" line="316" time="0.002" /><testcase classname="queuelib.tests.test_queue.ChunkSize4FifoDiskQueueTest" name="test_cleanup" file="queuelib/tests/test_queue.py" line="275" time="0.002" /><testcase classname="queuelib.tests.test_queue.ChunkSize4FifoDiskQueueTest" name="test_clear" file="queuelib/tests/test_queue.py" line="100" time="0.002" /><testcase classname="queuelib.tests.test_queue.ChunkSize4FifoDiskQueueTest" name="test_clear_removes_chunks" file="queuelib/tests/test_queue.py" line="332" time="0.002" /><testcase classname="queuelib.tests.test_queue.ChunkSize4FifoDiskQueueTest" name="test_close_open" file="queuelib/tests/test_queue.py" line="250" time="0.003" /><testcase classname="queuelib.tests.test_queue.ChunkSize4FifoDiskQueueTest" name="test_empty" file="queuelib/tests/test_queue.py" line="61" time="0.002" /><testcase classname="queuelib.tests.test_queue.ChunkSize4FifoDiskQueueTest" name="test_len" file="queuelib/tests/test_queue.py" line="86" time="0.001" /><testcase classname="queuelib.tests.test_queue.ChunkSize4FifoDiskQueueTest" name="test_non_bytes_raises_typeerror" file="queuelib/tests/test_queue.py" line="223" time="0.002" /><testcase classname="queuelib.tests.test_queue.ChunkSize4FifoDiskQueueTest" name="test_not_szhdr" file="queuelib/tests/test_queue.py" line="305" time="0.002" /><testcase classname="queuelib.tests.test_queue.ChunkSize4FifoDiskQueueTest" name="test_peek_fifo" file="queuelib/tests/test_queue.py" line="152" time="0.002" /><testcase classname="queuelib.tests.test_queue.ChunkSize4FifoDiskQueueTest" name="test_peek_one_element" file="queuelib/tests/test_queue.py" line="114" time="0.002" /><testcase classname="queuelib.tests.test_queue.ChunkSize4FifoDiskQueueTest" name="test_push_pop1" file="queuelib/tests/test_queue.py" line="125" time="0.002" /><testcase classname="queuelib.tests.test_queue.ChunkSize4FifoDiskQueueTest" name="test_push_pop2" file="queuelib/tests/test_queue.py" line="137" time="0.002" /><testcase classname="queuelib.tests.test_queue.ChunkSize4FifoDiskQueueTest" name="test_single_pushpop" file="queuelib/tests/test_queue.py" line="67" time="0.002" /><testcase classname="queuelib.tests.test_queue.ChunkSize4FifoDiskQueueTest" name="test_text_in_windows" file="queuelib/tests/test_queue.py" line="240" time="0.002" /><testcase classname="queuelib.tests.test_queue.LifoDiskQueueTest" name="test_binary_element" file="queuelib/tests/test_queue.py" line="73" time="0.002" /><testcase classname="queuelib.tests.test_queue.LifoDiskQueueTest" name="test_cleanup" file="queuelib/tests/test_queue.py" line="275" time="0.002" /><testcase classname="queuelib.tests.test_queue.LifoDiskQueueTest" name="test_clear" file="queuelib/tests/test_queue.py" line="100" time="0.002" /><testcase classname="queuelib.tests.test_queue.LifoDiskQueueTest" name="test_close_open" file="queuelib/tests/test_queue.py" line="250" time="0.002" /><testcase classname="queuelib.tests.test_queue.LifoDiskQueueTest" name="test_empty" file="queuelib/tests/test_queue.py" line="61" time="0.020" /><testcase classname="queuelib.tests.test_queue.LifoDiskQueueTest" name="test_file_size_shrinks" file="queuelib/tests/test_queue.py" line="363" time="0.002" /><testcase classname="queuelib.tests.test_queue.LifoDiskQueueTest" name="test_len" file="queuelib/tests/test_queue.py" line="86" time="0.001" /><testcase classname="queuelib.tests.test_queue.LifoDiskQueueTest" name="test_non_bytes_raises_typeerror" file="queuelib/tests/test_queue.py" line="223" time="0.001" /><testcase classname="queuelib.tests.test_queue.LifoDiskQueueTest" name="test_peek_lifo" file="queuelib/tests/test_queue.py" line="199" time="0.002" /><testcase classname="queuelib.tests.test_queue.LifoDiskQueueTest" name="test_peek_one_element" file="queuelib/tests/test_queue.py" line="114" time="0.001" /><testcase classname="queuelib.tests.test_queue.LifoDiskQueueTest" name="test_push_pop1" file="queuelib/tests/test_queue.py" line="172" time="0.001" /><testcase classname="queuelib.tests.test_queue.LifoDiskQueueTest" name="test_push_pop2" file="queuelib/tests/test_queue.py" line="184" time="0.002" /><testcase classname="queuelib.tests.test_queue.LifoDiskQueueTest" name="test_single_pushpop" file="queuelib/tests/test_queue.py" line="67" time="0.001" /><testcase classname="queuelib.tests.test_queue.LifoDiskQueueTest" name="test_text_in_windows" file="queuelib/tests/test_queue.py" line="240" time="0.002" /><testcase classname="queuelib.tests.test_queue.FifoSQLiteQueueTest" name="test_binary_element" file="queuelib/tests/test_queue.py" line="73" time="0.012" /><testcase classname="queuelib.tests.test_queue.FifoSQLiteQueueTest" name="test_cleanup" file="queuelib/tests/test_queue.py" line="275" time="0.025" /><testcase classname="queuelib.tests.test_queue.FifoSQLiteQueueTest" name="test_clear" file="queuelib/tests/test_queue.py" line="100" time="0.015" /><testcase classname="queuelib.tests.test_queue.FifoSQLiteQueueTest" name="test_close_open" file="queuelib/tests/test_queue.py" line="250" time="0.025" /><testcase classname="queuelib.tests.test_queue.FifoSQLiteQueueTest" name="test_empty" file="queuelib/tests/test_queue.py" line="61" time="0.005" /><testcase classname="queuelib.tests.test_queue.FifoSQLiteQueueTest" name="test_len" file="queuelib/tests/test_queue.py" line="86" time="0.020" /><testcase classname="queuelib.tests.test_queue.FifoSQLiteQueueTest" name="test_non_bytes_raises_typeerror" file="queuelib/tests/test_queue.py" line="223" time="0.005" /><testcase classname="queuelib.tests.test_queue.FifoSQLiteQueueTest" name="test_peek_fifo" file="queuelib/tests/test_queue.py" line="152" time="0.017" /><testcase classname="queuelib.tests.test_queue.FifoSQLiteQueueTest" name="test_peek_one_element" file="queuelib/tests/test_queue.py" line="114" time="0.009" /><testcase classname="queuelib.tests.test_queue.FifoSQLiteQueueTest" name="test_push_pop1" file="queuelib/tests/test_queue.py" line="125" time="0.017" /><testcase classname="queuelib.tests.test_queue.FifoSQLiteQueueTest" name="test_push_pop2" file="queuelib/tests/test_queue.py" line="137" time="0.027" /><testcase classname="queuelib.tests.test_queue.FifoSQLiteQueueTest" name="test_single_pushpop" file="queuelib/tests/test_queue.py" line="67" time="0.011" /><testcase classname="queuelib.tests.test_queue.FifoSQLiteQueueTest" name="test_text_in_windows" file="queuelib/tests/test_queue.py" line="240" time="0.010" /><testcase classname="queuelib.tests.test_queue.LifoSQLiteQueueTest" name="test_binary_element" file="queuelib/tests/test_queue.py" line="73" time="0.009" /><testcase classname="queuelib.tests.test_queue.LifoSQLiteQueueTest" name="test_cleanup" file="queuelib/tests/test_queue.py" line="275" time="0.026" /><testcase classname="queuelib.tests.test_queue.LifoSQLiteQueueTest" name="test_clear" file="queuelib/tests/test_queue.py" line="100" time="0.016" /><testcase classname="queuelib.tests.test_queue.LifoSQLiteQueueTest" name="test_close_open" file="queuelib/tests/test_queue.py" line="250" time="0.030" /><testcase classname="queuelib.tests.test_queue.LifoSQLiteQueueTest" name="test_empty" file="queuelib/tests/test_queue.py" line="61" time="0.005" /><testcase classname="queuelib.tests.test_queue.LifoSQLiteQueueTest" name="test_len" file="queuelib/tests/test_queue.py" line="86" time="0.017" /><testcase classname="queuelib.tests.test_queue.LifoSQLiteQueueTest" name="test_non_bytes_raises_typeerror" file="queuelib/tests/test_queue.py" line="223" time="0.004" /><testcase classname="queuelib.tests.test_queue.LifoSQLiteQueueTest" name="test_peek_lifo" file="queuelib/tests/test_queue.py" line="199" time="0.018" /><testcase classname="queuelib.tests.test_queue.LifoSQLiteQueueTest" name="test_peek_one_element" file="queuelib/tests/test_queue.py" line="114" time="0.009" /><testcase classname="queuelib.tests.test_queue.LifoSQLiteQueueTest" name="test_push_pop1" file="queuelib/tests/test_queue.py" line="172" time="0.015" /><testcase classname="queuelib.tests.test_queue.LifoSQLiteQueueTest" name="test_push_pop2" file="queuelib/tests/test_queue.py" line="184" time="0.030" /><testcase classname="queuelib.tests.test_queue.LifoSQLiteQueueTest" name="test_single_pushpop" file="queuelib/tests/test_queue.py" line="67" time="0.008" /><testcase classname="queuelib.tests.test_queue.LifoSQLiteQueueTest" name="test_text_in_windows" file="queuelib/tests/test_queue.py" line="240" time="0.008" /></testsuite></testsuites>